#
# There is insufficient memory for the Java Runtime Environment to continue.
# Native memory allocation (mmap) failed to map 132120576 bytes for G1 virtual space
# Possible reasons:
#   The system is out of physical RAM or swap space
#   The process is running with CompressedOops enabled, and the Java Heap may be blocking the growth of the native heap
# Possible solutions:
#   Reduce memory load on the system
#   Increase physical memory or swap space
#   Check if swap backing store is full
#   Decrease Java heap size (-Xmx/-Xms)
#   Decrease number of Java threads
#   Decrease Java thread stack sizes (-Xss)
#   Set larger code cache with -XX:ReservedCodeCacheSize=
#   JVM is running with Unscaled Compressed Oops mode in which the Java heap is
#     placed in the first 4GB address space. The Java Heap base address is the
#     maximum limit for the native heap growth. Please use -XX:HeapBaseMinAddress
#     to set the Java Heap base and to place the Java Heap above 4GB virtual address.
# This output file may be truncated or incomplete.
#
#  Out of Memory Error (os_windows.cpp:3528), pid=7352, tid=19376
#
# JRE version:  (20.0.2+9) (build )
# Java VM: Java HotSpot(TM) 64-Bit Server VM (20.0.2+9-78, mixed mode, sharing, tiered, compressed oops, compressed class ptrs, g1 gc, windows-amd64)
# No core dump will be written. Minidumps are not enabled by default on client versions of Windows
#

---------------  S U M M A R Y ------------

Command Line: -Dfile.encoding=utf8 c:\Users\vaira\.vscode\extensions\vscjava.vscode-gradle-3.13.5\lib\gradle-language-server.jar

Host: Intel(R) Core(TM) i5-10300H CPU @ 2.50GHz, 8 cores, 7G,  Windows 11 , 64 bit Build 22621 (10.0.22621.3374)
Time: Mon Apr  8 22:38:13 2024 India Standard Time elapsed time: 0.036442 seconds (0d 0h 0m 0s)

---------------  T H R E A D  ---------------

Current thread (0x000001b6f7d11ef0):  JavaThread "Unknown thread" [_thread_in_vm, id=19376, stack(0x000000b5b9e00000,0x000000b5b9f00000)]

Stack: [0x000000b5b9e00000,0x000000b5b9f00000]
Native frames: (J=compiled Java code, j=interpreted, Vv=VM code, C=native code)
V  [jvm.dll+0x6bc25a]
V  [jvm.dll+0x84971a]
V  [jvm.dll+0x84b315]
V  [jvm.dll+0x84ba13]
V  [jvm.dll+0x280e4f]
V  [jvm.dll+0x6b8fe9]
V  [jvm.dll+0x6adbca]
V  [jvm.dll+0x35b165]
V  [jvm.dll+0x363386]
V  [jvm.dll+0x3b400e]
V  [jvm.dll+0x3b4295]
V  [jvm.dll+0x32b86a]
V  [jvm.dll+0x32c68b]
V  [jvm.dll+0x8123df]
V  [jvm.dll+0x3c1261]
V  [jvm.dll+0x7fe103]
V  [jvm.dll+0x44ccaf]
V  [jvm.dll+0x44e621]
C  [jli.dll+0x5287]
C  [ucrtbase.dll+0x29333]
C  [KERNEL32.DLL+0x1257d]
C  [ntdll.dll+0x5aa48]


---------------  P R O C E S S  ---------------

Threads class SMR info:
_java_thread_list=0x00007ff98756b118, length=0, elements={
}

Java Threads: ( => current thread )

Other Threads:
  0x000001b6f7d716c0 WorkerThread "GC Thread#0" [stack: 0x000000b5b9f00000,0x000000b5ba000000] [id=2660]
  0x000001b6f7d820d0 ConcurrentGCThread "G1 Main Marker" [stack: 0x000000b5ba000000,0x000000b5ba100000] [id=34732]
  0x000001b6f7d82b00 WorkerThread "G1 Conc#0" [stack: 0x000000b5ba100000,0x000000b5ba200000] [id=12876]

[error occurred during error reporting (printing all threads), id 0xc0000005, EXCEPTION_ACCESS_VIOLATION (0xc0000005) at pc=0x00007ff986d4eea7]
VM state: not at safepoint (not fully initialized)

VM Mutex/Monitor currently owned by a thread:  ([mutex/lock_event])
[0x000001b6f7d0d100] Heap_lock - owner thread: 0x000001b6f7d11ef0

Heap address: 0x0000000082800000, size: 2008 MB, Compressed Oops mode: 32-bit

CDS archive(s) mapped at: [0x0000000000000000-0x0000000000000000-0x0000000000000000), size 0, SharedBaseAddress: 0x0000000800000000, ArchiveRelocationMode: 1.
Narrow klass base: 0x0000000000000000, Narrow klass shift: 0, Narrow klass range: 0x0

GC Precious Log:
 CardTable entry size: 512
 Card Set container configuration: InlinePtr #cards 5 size 8 Array Of Cards #cards 12 size 40 Howl #buckets 4 coarsen threshold 1843 Howl Bitmap #cards 512 size 80 coarsen threshold 460 Card regions per heap region 1 cards per card region 2048

Heap:
 garbage-first heap   total 0K, used 0K [0x0000000082800000, 0x0000000100000000)
  region size 1024K, 0 young (0K), 0 survivors (0K)

[error occurred during error reporting (printing heap information), id 0xc0000005, EXCEPTION_ACCESS_VIOLATION (0xc0000005) at pc=0x00007ff9871247b9]
GC Heap History (0 events):
No events

Dll operation events (1 events):
Event: 0.023 Loaded shared library C:\Program Files\Java\jdk-20\bin\java.dll

Deoptimization events (0 events):
No events

Classes loaded (0 events):
No events

Classes unloaded (0 events):
No events

Classes redefined (0 events):
No events

Internal exceptions (0 events):
No events

VM Operations (0 events):
No events

Events (0 events):
No events


Dynamic libraries:
0x00007ff622140000 - 0x00007ff622150000 	C:\Program Files\Java\jdk-20\bin\java.exe
0x00007ffa7d3d0000 - 0x00007ffa7d5e6000 	C:\WINDOWS\SYSTEM32\ntdll.dll
0x00007ffa7c6e0000 - 0x00007ffa7c7a4000 	C:\WINDOWS\System32\KERNEL32.DLL
0x00007ffa7aac0000 - 0x00007ffa7ae67000 	C:\WINDOWS\System32\KERNELBASE.dll
0x00007ffa7a9a0000 - 0x00007ffa7aab1000 	C:\WINDOWS\System32\ucrtbase.dll
0x00007ffa6b8d0000 - 0x00007ffa6b8e9000 	C:\Program Files\Java\jdk-20\bin\jli.dll
0x00007ffa7c3a0000 - 0x00007ffa7c452000 	C:\WINDOWS\System32\ADVAPI32.dll
0x00007ffa7c470000 - 0x00007ffa7c517000 	C:\WINDOWS\System32\msvcrt.dll
0x00007ffa7c830000 - 0x00007ffa7c8d8000 	C:\WINDOWS\System32\sechost.dll
0x00007ffa7a7a0000 - 0x00007ffa7a7c8000 	C:\WINDOWS\System32\bcrypt.dll
0x00007ffa7c090000 - 0x00007ffa7c1a5000 	C:\WINDOWS\System32\RPCRT4.dll
0x00007ffa7c520000 - 0x00007ffa7c6ce000 	C:\WINDOWS\System32\USER32.dll
0x00007ffa7a770000 - 0x00007ffa7a796000 	C:\WINDOWS\System32\win32u.dll
0x00007ffa7bf60000 - 0x00007ffa7bf89000 	C:\WINDOWS\System32\GDI32.dll
0x00007ffa7ae70000 - 0x00007ffa7af89000 	C:\WINDOWS\System32\gdi32full.dll
0x00007ffa7a840000 - 0x00007ffa7a8da000 	C:\WINDOWS\System32\msvcp_win.dll
0x00007ffa646f0000 - 0x00007ffa6470b000 	C:\Program Files\Java\jdk-20\bin\VCRUNTIME140.dll
0x00007ffa5fb20000 - 0x00007ffa5fdb3000 	C:\WINDOWS\WinSxS\amd64_microsoft.windows.common-controls_6595b64144ccf1df_6.0.22621.3235_none_270f74e173860f98\COMCTL32.dll
0x00007ffa72490000 - 0x00007ffa7249a000 	C:\WINDOWS\SYSTEM32\VERSION.dll
0x00007ffa7bf20000 - 0x00007ffa7bf51000 	C:\WINDOWS\System32\IMM32.DLL
0x00007ffa76c60000 - 0x00007ffa76c6c000 	C:\Program Files\Java\jdk-20\bin\vcruntime140_1.dll
0x00007ff9f2f50000 - 0x00007ff9f2fde000 	C:\Program Files\Java\jdk-20\bin\msvcp140.dll
0x00007ff986a10000 - 0x00007ff9876a8000 	C:\Program Files\Java\jdk-20\bin\server\jvm.dll
0x00007ffa746c0000 - 0x00007ffa746c9000 	C:\WINDOWS\SYSTEM32\WSOCK32.dll
0x00007ffa7c7b0000 - 0x00007ffa7c821000 	C:\WINDOWS\System32\WS2_32.dll
0x00007ffa72c10000 - 0x00007ffa72c44000 	C:\WINDOWS\SYSTEM32\WINMM.dll
0x00007ffa797f0000 - 0x00007ffa79808000 	C:\WINDOWS\SYSTEM32\kernel.appcore.dll
0x00007ffa74690000 - 0x00007ffa7469a000 	C:\Program Files\Java\jdk-20\bin\jimage.dll
0x00007ffa78010000 - 0x00007ffa78243000 	C:\WINDOWS\SYSTEM32\DBGHELP.DLL
0x00007ffa7c8f0000 - 0x00007ffa7cc78000 	C:\WINDOWS\System32\combase.dll
0x00007ffa7cc80000 - 0x00007ffa7cd57000 	C:\WINDOWS\System32\OLEAUT32.dll
0x00007ffa4ae90000 - 0x00007ffa4aec2000 	C:\WINDOWS\SYSTEM32\dbgcore.DLL
0x00007ffa7a6f0000 - 0x00007ffa7a769000 	C:\WINDOWS\System32\bcryptPrimitives.dll
0x00007ffa0fe90000 - 0x00007ffa0feb6000 	C:\Program Files\Java\jdk-20\bin\java.dll

dbghelp: loaded successfully - version: 4.0.5 - missing functions: none
symbol engine: initialized successfully - sym options: 0x614 - pdb path: .;C:\Program Files\Java\jdk-20\bin;C:\WINDOWS\SYSTEM32;C:\WINDOWS\WinSxS\amd64_microsoft.windows.common-controls_6595b64144ccf1df_6.0.22621.3235_none_270f74e173860f98;C:\Program Files\Java\jdk-20\bin\server

VM Arguments:
jvm_args: -Dfile.encoding=utf8 
java_command: c:\Users\vaira\.vscode\extensions\vscjava.vscode-gradle-3.13.5\lib\gradle-language-server.jar
java_class_path (initial): c:\Users\vaira\.vscode\extensions\vscjava.vscode-gradle-3.13.5\lib\gradle-language-server.jar
Launcher Type: SUN_STANDARD

[Global flags]
     intx CICompilerCount                          = 4                                         {product} {ergonomic}
     uint ConcGCThreads                            = 2                                         {product} {ergonomic}
     uint G1ConcRefinementThreads                  = 8                                         {product} {ergonomic}
   size_t G1HeapRegionSize                         = 1048576                                   {product} {ergonomic}
    uintx GCDrainStackTargetSize                   = 64                                        {product} {ergonomic}
   size_t InitialHeapSize                          = 132120576                                 {product} {ergonomic}
   size_t MarkStackSize                            = 4194304                                   {product} {ergonomic}
   size_t MaxHeapSize                              = 2105540608                                {product} {ergonomic}
   size_t MinHeapDeltaBytes                        = 1048576                                   {product} {ergonomic}
   size_t MinHeapSize                              = 8388608                                   {product} {ergonomic}
    uintx NonNMethodCodeHeapSize                   = 5839372                                {pd product} {ergonomic}
    uintx NonProfiledCodeHeapSize                  = 122909434                              {pd product} {ergonomic}
    uintx ProfiledCodeHeapSize                     = 122909434                              {pd product} {ergonomic}
    uintx ReservedCodeCacheSize                    = 251658240                              {pd product} {ergonomic}
     bool SegmentedCodeCache                       = true                                      {product} {ergonomic}
   size_t SoftMaxHeapSize                          = 2105540608                             {manageable} {ergonomic}
     bool UseCompressedClassPointers               = true                           {product lp64_product} {ergonomic}
     bool UseCompressedOops                        = true                           {product lp64_product} {ergonomic}
     bool UseG1GC                                  = true                                      {product} {ergonomic}
     bool UseLargePagesIndividualAllocation        = false                                  {pd product} {ergonomic}

Logging:
Log output configuration:
 #0: stdout all=warning uptime,level,tags foldmultilines=false
 #1: stderr all=off uptime,level,tags foldmultilines=false

Environment Variables:
JAVA_HOME=C:\Program Files\Java\jdk-20\
PATH=C:\Program Files\Microsoft MPI\Bin\;C:\Program Files\Common Files\Oracle\Java\javapath;C:\Python311\Scripts\;C:\Python311\;C:\Program Files (x86)\Common Files\Oracle\Java\javapath;C:\Program Files (x86)\Common Files\Intel\Shared Libraries\redist\intel64\compiler;C:\Windows\system32;C:\Windows;C:\Windows\System32\Wbem;C:\Windows\System32\WindowsPowerShell\v1.0\;C:\Windows\System32\OpenSSH\;C:\Program Files (x86)\NVIDIA Corporation\PhysX\Common;C:\Program Files\NVIDIA Corporation\NVIDIA NvDLISR;C:\WINDOWS\system32;C:\WINDOWS;C:\WINDOWS\System32\Wbem;C:\WINDOWS\System32\WindowsPowerShell\v1.0\;C:\WINDOWS\System32\OpenSSH\;C:\Program Files\Git\cmd;C:\Program Files\nodejs\;C:\ProgramData\chocolatey\bin;C:\maven\bin;C:\tomcat\bin;C:\Program Files\Microsoft SQL Server\Client SDK\ODBC\170\Tools\Binn\;C:\Program Files\Azure Data Studio\bin;C:\Program Files (x86)\Microsoft SQL Server\160\Tools\Binn\;C:\Program Files\Microsoft SQL Server\160\Tools\Binn\;C:\Program Files\Microsoft SQL Server\160\DTS\Binn\;C:\Program Files (x86)\Microsoft SQL Server\160\DTS\Binn\;C:\Program Files\Microsoft SQL Server\150\Tools\Binn\;C:\Program Files\dotnet\;C:\Users\vaira\Dev\flutter\bin;C:\tools\platform-tools;C:\Users\vaira\dev\flutter\bin;C:\Users\vaira\AppData\Local\Microsoft\WindowsApps;C:\Users\vaira\AppData\Local\Programs\Microsoft VS Code\bin;C:\Program Files\Java\jdk-20\bin;E:\Program Files\IntelliJ IDEA Community Edition 2023.3.3\bin;;C:\Users\vaira\AppData\Roaming\npm;C:\MinGW\bin;C:\Program Files\Java\jdk-20\\bin;C:\maven\bin;C:\tomcat\bin;D:\Program Files\PyCharm Community Edition 2023.2.1\bin;;C:\Program Files\Azure Data Studio\bin;C:\Users\vaira\.dotnet\tools;C:\Users\vaira\Dev\flutter\bin;C:\tools\dart-sdk\bin;C:\Users\vaira\AppData\Local\Pub\Cache\bin;C:\tools\platform-tools;
USERNAME=vaira
OS=Windows_NT
PROCESSOR_IDENTIFIER=Intel64 Family 6 Model 165 Stepping 2, GenuineIntel
TMP=C:\Users\vaira\AppData\Local\Temp
TEMP=C:\Users\vaira\AppData\Local\Temp




---------------  S Y S T E M  ---------------

OS:
 Windows 11 , 64 bit Build 22621 (10.0.22621.3374)
OS uptime: 1 days 1:04 hours
Hyper-V role detected

CPU: total 8 (initial active 8) (4 cores per cpu, 2 threads per core) family 6 model 165 stepping 2 microcode 0xe0, cx8, cmov, fxsr, ht, mmx, 3dnowpref, sse, sse2, sse3, ssse3, sse4.1, sse4.2, popcnt, lzcnt, tsc, tscinvbit, avx, avx2, aes, erms, clmul, bmi1, bmi2, adx, fma, vzeroupper, clflush, clflushopt, hv, rdtscp, f16c

Memory: 4k page, system-wide physical 8029M (169M free)
TotalPageFile size 23688M (AvailPageFile size 62M)
current process WorkingSet (physical memory assigned to process): 11M, peak: 11M
current process commit charge ("private bytes"): 60M, peak: 186M

vm_info: Java HotSpot(TM) 64-Bit Server VM (20.0.2+9-78) for windows-amd64 JRE (20.0.2+9-78), built on 2023-06-14T10:08:48Z by "mach5one" with MS VC++ 17.1 (VS2022)

END.
